Parallel Histogram Results
============================

Total elements: 8000000 | Range: 1-100000 | Number of Bins: 128
MPI Processes: 56
Unique Nodes: 2

Performance Metrics:
  └── Min Time: 0.0004344630 seconds
  └── Max Time: 0.0005813460 seconds
  └── Avg Time: 0.0004737656 seconds

Bin 0: [1 - 781]
  └── Count: 62543
Bin 1: [782 - 1562]
  └── Count: 62488
Bin 2: [1563 - 2343]
  └── Count: 62873
Bin 3: [2344 - 3125]
  └── Count: 62453
Bin 4: [3126 - 3906]
  └── Count: 62351
Bin 5: [3907 - 4687]
  └── Count: 62567
Bin 6: [4688 - 5468]
  └── Count: 62702
Bin 7: [5469 - 6250]
  └── Count: 62334
Bin 8: [6251 - 7031]
  └── Count: 62592
Bin 9: [7032 - 7812]
  └── Count: 62817
Bin 10: [7813 - 8593]
  └── Count: 62332
Bin 11: [8594 - 9375]
  └── Count: 62621
Bin 12: [9376 - 10156]
  └── Count: 62301
Bin 13: [10157 - 10937]
  └── Count: 62561
Bin 14: [10938 - 11718]
  └── Count: 62910
Bin 15: [11719 - 12500]
  └── Count: 63026
Bin 16: [12501 - 13281]
  └── Count: 62410
Bin 17: [13282 - 14062]
  └── Count: 62835
Bin 18: [14063 - 14843]
  └── Count: 62675
Bin 19: [14844 - 15625]
  └── Count: 62521
Bin 20: [15626 - 16406]
  └── Count: 62556
Bin 21: [16407 - 17187]
  └── Count: 62140
Bin 22: [17188 - 17968]
  └── Count: 62483
Bin 23: [17969 - 18750]
  └── Count: 62548
Bin 24: [18751 - 19531]
  └── Count: 62598
Bin 25: [19532 - 20312]
  └── Count: 62363
Bin 26: [20313 - 21093]
  └── Count: 62574
Bin 27: [21094 - 21875]
  └── Count: 62157
Bin 28: [21876 - 22656]
  └── Count: 62334
Bin 29: [22657 - 23437]
  └── Count: 62520
Bin 30: [23438 - 24218]
  └── Count: 62710
Bin 31: [24219 - 25000]
  └── Count: 62489
Bin 32: [25001 - 25781]
  └── Count: 62519
Bin 33: [25782 - 26562]
  └── Count: 62828
Bin 34: [26563 - 27343]
  └── Count: 62397
Bin 35: [27344 - 28125]
  └── Count: 62987
Bin 36: [28126 - 28906]
  └── Count: 62440
Bin 37: [28907 - 29687]
  └── Count: 62408
Bin 38: [29688 - 30468]
  └── Count: 62227
Bin 39: [30469 - 31250]
  └── Count: 62567
Bin 40: [31251 - 32031]
  └── Count: 62394
Bin 41: [32032 - 32812]
  └── Count: 62070
Bin 42: [32813 - 33593]
  └── Count: 62366
Bin 43: [33594 - 34375]
  └── Count: 62826
Bin 44: [34376 - 35156]
  └── Count: 62746
Bin 45: [35157 - 35937]
  └── Count: 61769
Bin 46: [35938 - 36718]
  └── Count: 62858
Bin 47: [36719 - 37500]
  └── Count: 62587
Bin 48: [37501 - 38281]
  └── Count: 62424
Bin 49: [38282 - 39062]
  └── Count: 62419
Bin 50: [39063 - 39843]
  └── Count: 62285
Bin 51: [39844 - 40625]
  └── Count: 62524
Bin 52: [40626 - 41406]
  └── Count: 62649
Bin 53: [41407 - 42187]
  └── Count: 62279
Bin 54: [42188 - 42968]
  └── Count: 62138
Bin 55: [42969 - 43750]
  └── Count: 62631
Bin 56: [43751 - 44531]
  └── Count: 62081
Bin 57: [44532 - 45312]
  └── Count: 61904
Bin 58: [45313 - 46093]
  └── Count: 62407
Bin 59: [46094 - 46875]
  └── Count: 62809
Bin 60: [46876 - 47656]
  └── Count: 62608
Bin 61: [47657 - 48437]
  └── Count: 62773
Bin 62: [48438 - 49218]
  └── Count: 62291
Bin 63: [49219 - 50000]
  └── Count: 62793
Bin 64: [50001 - 50781]
  └── Count: 63229
Bin 65: [50782 - 51562]
  └── Count: 62224
Bin 66: [51563 - 52343]
  └── Count: 62073
Bin 67: [52344 - 53125]
  └── Count: 62212
Bin 68: [53126 - 53906]
  └── Count: 62651
Bin 69: [53907 - 54687]
  └── Count: 62643
Bin 70: [54688 - 55468]
  └── Count: 62532
Bin 71: [55469 - 56250]
  └── Count: 62019
Bin 72: [56251 - 57031]
  └── Count: 62587
Bin 73: [57032 - 57812]
  └── Count: 62212
Bin 74: [57813 - 58593]
  └── Count: 62620
Bin 75: [58594 - 59375]
  └── Count: 62335
Bin 76: [59376 - 60156]
  └── Count: 62598
Bin 77: [60157 - 60937]
  └── Count: 62469
Bin 78: [60938 - 61718]
  └── Count: 63138
Bin 79: [61719 - 62500]
  └── Count: 62351
Bin 80: [62501 - 63281]
  └── Count: 62414
Bin 81: [63282 - 64062]
  └── Count: 62333
Bin 82: [64063 - 64843]
  └── Count: 62122
Bin 83: [64844 - 65625]
  └── Count: 62359
Bin 84: [65626 - 66406]
  └── Count: 62690
Bin 85: [66407 - 67187]
  └── Count: 62705
Bin 86: [67188 - 67968]
  └── Count: 62008
Bin 87: [67969 - 68750]
  └── Count: 62609
Bin 88: [68751 - 69531]
  └── Count: 62333
Bin 89: [69532 - 70312]
  └── Count: 62310
Bin 90: [70313 - 71093]
  └── Count: 62663
Bin 91: [71094 - 71875]
  └── Count: 62062
Bin 92: [71876 - 72656]
  └── Count: 62824
Bin 93: [72657 - 73437]
  └── Count: 62692
Bin 94: [73438 - 74218]
  └── Count: 62650
Bin 95: [74219 - 75000]
  └── Count: 62687
Bin 96: [75001 - 75781]
  └── Count: 62461
Bin 97: [75782 - 76562]
  └── Count: 63135
Bin 98: [76563 - 77343]
  └── Count: 62106
Bin 99: [77344 - 78125]
  └── Count: 62250
Bin 100: [78126 - 78906]
  └── Count: 62785
Bin 101: [78907 - 79687]
  └── Count: 62338
Bin 102: [79688 - 80468]
  └── Count: 62186
Bin 103: [80469 - 81250]
  └── Count: 62685
Bin 104: [81251 - 82031]
  └── Count: 62421
Bin 105: [82032 - 82812]
  └── Count: 62211
Bin 106: [82813 - 83593]
  └── Count: 62620
Bin 107: [83594 - 84375]
  └── Count: 62155
Bin 108: [84376 - 85156]
  └── Count: 62537
Bin 109: [85157 - 85937]
  └── Count: 62799
Bin 110: [85938 - 86718]
  └── Count: 62822
Bin 111: [86719 - 87500]
  └── Count: 62443
Bin 112: [87501 - 88281]
  └── Count: 62633
Bin 113: [88282 - 89062]
  └── Count: 62739
Bin 114: [89063 - 89843]
  └── Count: 62482
Bin 115: [89844 - 90625]
  └── Count: 62580
Bin 116: [90626 - 91406]
  └── Count: 62984
Bin 117: [91407 - 92187]
  └── Count: 62370
Bin 118: [92188 - 92968]
  └── Count: 62038
Bin 119: [92969 - 93750]
  └── Count: 62471
Bin 120: [93751 - 94531]
  └── Count: 62965
Bin 121: [94532 - 95312]
  └── Count: 62617
Bin 122: [95313 - 96093]
  └── Count: 62390
Bin 123: [96094 - 96875]
  └── Count: 62133
Bin 124: [96876 - 97656]
  └── Count: 62356
Bin 125: [97657 - 98437]
  └── Count: 62307
Bin 126: [98438 - 99218]
  └── Count: 62550
Bin 127: [99219 - 100000]
  └── Count: 62689
